<?xml version="1.0" encoding="UTF-8"?>
<testng-results ignored="0" total="1" passed="1" failed="0" skipped="0">
  <reporter-output>
    <line>
      <![CDATA[Browser opened and application Launched]]>
    </line>
    <line>
      <![CDATA[Successfully Loged-in]]>
    </line>
    <line>
      <![CDATA[Personal Data Filled]]>
    </line>
    <line>
      <![CDATA[Successfully got Student Details]]>
    </line>
    <line>
      <![CDATA[Fee Collection successfully done and Receipt is generated]]>
    </line>
  </reporter-output>
  <suite started-at="2023-02-27T17:17:11 IST" name="Default suite" finished-at="2023-02-27T17:19:42 IST" duration-ms="151392">
    <groups>
    </groups>
    <test started-at="2023-02-27T17:17:11 IST" name="Default test" finished-at="2023-02-27T17:19:42 IST" duration-ms="151392">
      <class name="task.Testcase">
        <test-method signature="test()[pri:0, instance:task.Testcase@27ff5d15]" started-at="2023-02-27T17:17:11 IST" name="test" finished-at="2023-02-27T17:19:42 IST" duration-ms="151312" status="PASS">
          <reporter-output>
            <line>
              <![CDATA[Browser opened and application Launched]]>
            </line>
            <line>
              <![CDATA[Successfully Loged-in]]>
            </line>
            <line>
              <![CDATA[Personal Data Filled]]>
            </line>
            <line>
              <![CDATA[Successfully got Student Details]]>
            </line>
            <line>
              <![CDATA[Fee Collection successfully done and Receipt is generated]]>
            </line>
          </reporter-output>
        </test-method> <!-- test -->
      </class> <!-- task.Testcase -->
    </test> <!-- Default test -->
  </suite> <!-- Default suite -->
</testng-results>
